<?xml version="1.0" encoding="UTF-8"?>
<!-- Generated by org.testng.reporters.JUnitXMLReporter -->
<testsuite hostname="DESKTOP-3SL4LUB" ignored="0" name="Dependency Test" tests="3" failures="0" timestamp="19 Aug 2018 07:57:40 GMT" time="0.021" errors="0">
  <testcase name="doUserReg" time="0.002" classname="testnglearning.TestCase3"/>
  <testcase name="doLogin" time="0.002" classname="testnglearning.TestCase3"/>
  <testcase name="isSkip" time="0.005" classname="testnglearning.TestCase3">
    <skipped/>
  </testcase> <!-- isSkip -->
</testsuite> <!-- Dependency Test -->
