<?xml version="1.0" encoding="UTF-8"?>
<testng-results skipped="0" failed="0" ignored="0" total="3" passed="3">
  <reporter-output>
  </reporter-output>
  <suite name="DataDriven Testing" duration-ms="1501" started-at="2018-10-13T09:12:31Z" finished-at="2018-10-13T09:12:33Z">
    <groups>
    </groups>
    <test name="Bank Manager Login Test" duration-ms="216" started-at="2018-10-13T09:12:31Z" finished-at="2018-10-13T09:12:31Z">
      <class name="testcases.BankManagerLoginTest">
        <test-method status="PASS" signature="loginAsBankManager()[pri:0, instance:testcases.BankManagerLoginTest@481a996b]" name="loginAsBankManager" duration-ms="193" started-at="2018-10-13T09:12:31Z" finished-at="2018-10-13T09:12:31Z">
          <reporter-output>
          </reporter-output>
        </test-method> <!-- loginAsBankManager -->
      </class> <!-- testcases.BankManagerLoginTest -->
    </test> <!-- Bank Manager Login Test -->
    <test name="Add Customer Test" duration-ms="747" started-at="2018-10-13T09:12:31Z" finished-at="2018-10-13T09:12:32Z">
      <class name="testcases.AddCustomerTest">
        <test-method status="PASS" signature="addCustomer(java.lang.String, java.lang.String, java.lang.String, java.lang.String)[pri:0, instance:testcases.AddCustomerTest@1afd44cb]" name="addCustomer" duration-ms="723" started-at="2018-10-13T09:12:31Z" data-provider="getData" finished-at="2018-10-13T09:12:32Z">
          <params>
            <param index="0">
              <value>
                <![CDATA[Raman]]>
              </value>
            </param>
            <param index="1">
              <value>
                <![CDATA[Arora]]>
              </value>
            </param>
            <param index="2">
              <value>
                <![CDATA[A234234]]>
              </value>
            </param>
            <param index="3">
              <value>
                <![CDATA[Customer added successfully]]>
              </value>
            </param>
          </params>
          <reporter-output>
          </reporter-output>
        </test-method> <!-- addCustomer -->
      </class> <!-- testcases.AddCustomerTest -->
    </test> <!-- Add Customer Test -->
    <test name="Open Account Test" duration-ms="514" started-at="2018-10-13T09:12:32Z" finished-at="2018-10-13T09:12:33Z">
      <class name="testcases.OpenAccountTest">
        <test-method status="PASS" signature="setUp()[pri:0, instance:testcases.OpenAccountTest@498d318c]" name="setUp" is-config="true" duration-ms="7790" started-at="2018-10-13T09:12:23Z" finished-at="2018-10-13T09:12:31Z">
          <reporter-output>
          </reporter-output>
        </test-method> <!-- setUp -->
        <test-method status="PASS" signature="openAccount(java.lang.String, java.lang.String)[pri:0, instance:testcases.OpenAccountTest@498d318c]" name="openAccount" duration-ms="513" started-at="2018-10-13T09:12:32Z" data-provider="getData" finished-at="2018-10-13T09:12:33Z">
          <params>
            <param index="0">
              <value>
                <![CDATA[Raman Arora]]>
              </value>
            </param>
            <param index="1">
              <value>
                <![CDATA[Rupee]]>
              </value>
            </param>
          </params>
          <reporter-output>
          </reporter-output>
        </test-method> <!-- openAccount -->
        <test-method status="PASS" signature="tearDown()[pri:0, instance:testcases.OpenAccountTest@498d318c]" name="tearDown" is-config="true" duration-ms="826" started-at="2018-10-13T09:12:33Z" finished-at="2018-10-13T09:12:33Z">
          <reporter-output>
          </reporter-output>
        </test-method> <!-- tearDown -->
      </class> <!-- testcases.OpenAccountTest -->
    </test> <!-- Open Account Test -->
  </suite> <!-- DataDriven Testing -->
</testng-results>
